[2025-04-04 10:24:17] Type: contact, Data: {
    "ID": "214",
    "POST": null,
    "COMMENTS": null,
    "HONORIFIC": null,
    "NAME": "lead",
    "SECOND_NAME": null,
    "LAST_NAME": "for test",
    "PHOTO": null,
    "LEAD_ID": null,
    "TYPE_ID": "CLIENT",
    "SOURCE_ID": "STORE",
    "SOURCE_DESCRIPTION": null,
    "COMPANY_ID": null,
    "BIRTHDATE": "",
    "EXPORT": "Y",
    "HAS_PHONE": "Y",
    "HAS_EMAIL": "Y",
    "HAS_IMOL": "N",
    "DATE_CREATE": "2025-02-27T05:57:58+00:00",
    "DATE_MODIFY": "2025-02-27T05:57:58+00:00",
    "ASSIGNED_BY_ID": "121",
    "CREATED_BY_ID": "121",
    "MODIFY_BY_ID": "121",
    "OPENED": "Y",
    "ORIGINATOR_ID": null,
    "ORIGIN_ID": null,
    "ORIGIN_VERSION": null,
    "FACE_ID": null,
    "LAST_ACTIVITY_TIME": "2025-02-27T05:57:58+00:00",
    "ADDRESS": null,
    "ADDRESS_2": null,
    "ADDRESS_CITY": null,
    "ADDRESS_POSTAL_CODE": null,
    "ADDRESS_REGION": null,
    "ADDRESS_PROVINCE": null,
    "ADDRESS_COUNTRY": null,
    "ADDRESS_LOC_ADDR_ID": null,
    "UTM_SOURCE": null,
    "UTM_MEDIUM": null,
    "UTM_CAMPAIGN": null,
    "UTM_CONTENT": null,
    "UTM_TERM": null,
    "LAST_ACTIVITY_BY": "121",
    "UF_CRM_671B91AC999B3": false,
    "UF_CRM_671B91ACC0434": false,
    "UF_CRM_671B91ACCE464": false,
    "UF_CRM_671B91ACD6DBC": false,
    "UF_CRM_671B91ACE062B": false,
    "UF_CRM_671B91ACE70E7": false,
    "UF_CRM_671B91ACF26C5": false,
    "UF_CRM_671B91AD0408A": "",
    "UF_CRM_671B91AD0C19D": false,
    "UF_CRM_671B91AD13711": false,
    "UF_CRM_671B91AD1CFC2": false,
    "UF_CRM_671B91AD2989C": false,
    "UF_CRM_671B91AD4DA9B": false,
    "UF_CRM_671B91AD56D77": false,
    "UF_CRM_671B91AD5F989": false,
    "UF_CRM_671B91AD665E6": false,
    "UF_CRM_671B91AD6D1B6": false,
    "UF_CRM_671B91AD9FFA0": false,
    "UF_CRM_671B91ADA4C37": false,
    "UF_CRM_671B91ADAF945": false,
    "UF_CRM_671B91ADBAB3A": false,
    "UF_CRM_671B91ADC1B4F": false,
    "UF_CRM_671B91ADCC3B3": "",
    "UF_CRM_671B91ADD44F7": "",
    "UF_CRM_671B91ADD9154": false,
    "UF_CRM_671B91ADDDB9A": "",
    "UF_CRM_671B91ADE27B3": false,
    "UF_CRM_671B91ADE8ADE": false,
    "UF_CRM_671B91ADEFDB9": "",
    "UF_CRM_6729CB5F98AB5": false,
    "UF_CRM_6729CB5FA7961": false,
    "UF_CRM_6729CB5FB0F14": false,
    "UF_CRM_672DD64B35AE2": false,
    "UF_CRM_672DD64B4285C": false,
    "UF_CRM_673B0F195420F": false,
    "UF_CRM_673B0F1960F99": false,
    "UF_CRM_673B0F196C60A": false,
    "UF_CRM_673B0F1976F96": false,
    "UF_CRM_673B0F1985215": false,
    "UF_CRM_673B0F198B47C": false,
    "UF_CRM_673B0F1991D8A": false,
    "UF_CRM_673B0F199AFDA": false,
    "UF_CRM_674970CD90528": false,
    "UF_CRM_6798C14B5FE56": false,
    "UF_CRM_6798C14B69EA9": false,
    "UF_CRM_CHATAPP_DIALOG": false,
    "UF_CRM_67B33CCB7146B": false,
    "UF_CRM_67B33CCB850EF": false,
    "UF_CRM_67B33CCB8FE8D": false,
    "UF_CRM_67B33CCB9792F": false,
    "UF_CRM_67B33CCB9FFB9": "",
    "UF_CRM_67B33CCBA8351": false,
    "UF_CRM_67B33CCBB01EC": false,
    "UF_CRM_67B33CCBB8AFF": false,
    "UF_CRM_67B33CCBC2243": false,
    "UF_CRM_67B33CCBCBCD6": false,
    "UF_CRM_67B33CCBD6AE6": false,
    "UF_CRM_67B33CCBE5787": false,
    "UF_CRM_67B33CCBED737": false,
    "UF_CRM_67B33CCC02FCF": false,
    "UF_CRM_67D00864153DB": "",
    "UF_CRM_67D008641D976": false,
    "UF_CRM_67D008642C887": false,
    "UF_CRM_67D0086445F4E": false,
    "UF_CRM_67D0086450C57": false,
    "UF_CRM_67D0086457E18": false,
    "PHONE": [
        {
            "ID": "16958",
            "VALUE_TYPE": "WORK",
            "VALUE": "+971678997767",
            "TYPE_ID": "PHONE"
        }
    ],
    "EMAIL": [
        {
            "ID": "16959",
            "VALUE_TYPE": "WORK",
            "VALUE": "ththdyhd@gmail.com",
            "TYPE_ID": "EMAIL"
        }
    ]
}
[2025-04-04 10:24:42] Type: contact, Data: {
    "ID": "214",
    "POST": null,
    "COMMENTS": null,
    "HONORIFIC": null,
    "NAME": "lead",
    "SECOND_NAME": null,
    "LAST_NAME": "for test",
    "PHOTO": null,
    "LEAD_ID": null,
    "TYPE_ID": "CLIENT",
    "SOURCE_ID": "STORE",
    "SOURCE_DESCRIPTION": null,
    "COMPANY_ID": null,
    "BIRTHDATE": "",
    "EXPORT": "Y",
    "HAS_PHONE": "Y",
    "HAS_EMAIL": "Y",
    "HAS_IMOL": "N",
    "DATE_CREATE": "2025-02-27T05:57:58+00:00",
    "DATE_MODIFY": "2025-02-27T05:57:58+00:00",
    "ASSIGNED_BY_ID": "121",
    "CREATED_BY_ID": "121",
    "MODIFY_BY_ID": "121",
    "OPENED": "Y",
    "ORIGINATOR_ID": null,
    "ORIGIN_ID": null,
    "ORIGIN_VERSION": null,
    "FACE_ID": null,
    "LAST_ACTIVITY_TIME": "2025-02-27T05:57:58+00:00",
    "ADDRESS": null,
    "ADDRESS_2": null,
    "ADDRESS_CITY": null,
    "ADDRESS_POSTAL_CODE": null,
    "ADDRESS_REGION": null,
    "ADDRESS_PROVINCE": null,
    "ADDRESS_COUNTRY": null,
    "ADDRESS_LOC_ADDR_ID": null,
    "UTM_SOURCE": null,
    "UTM_MEDIUM": null,
    "UTM_CAMPAIGN": null,
    "UTM_CONTENT": null,
    "UTM_TERM": null,
    "LAST_ACTIVITY_BY": "121",
    "UF_CRM_671B91AC999B3": false,
    "UF_CRM_671B91ACC0434": false,
    "UF_CRM_671B91ACCE464": false,
    "UF_CRM_671B91ACD6DBC": false,
    "UF_CRM_671B91ACE062B": false,
    "UF_CRM_671B91ACE70E7": false,
    "UF_CRM_671B91ACF26C5": false,
    "UF_CRM_671B91AD0408A": "",
    "UF_CRM_671B91AD0C19D": false,
    "UF_CRM_671B91AD13711": false,
    "UF_CRM_671B91AD1CFC2": false,
    "UF_CRM_671B91AD2989C": false,
    "UF_CRM_671B91AD4DA9B": false,
    "UF_CRM_671B91AD56D77": false,
    "UF_CRM_671B91AD5F989": false,
    "UF_CRM_671B91AD665E6": false,
    "UF_CRM_671B91AD6D1B6": false,
    "UF_CRM_671B91AD9FFA0": false,
    "UF_CRM_671B91ADA4C37": false,
    "UF_CRM_671B91ADAF945": false,
    "UF_CRM_671B91ADBAB3A": false,
    "UF_CRM_671B91ADC1B4F": false,
    "UF_CRM_671B91ADCC3B3": "",
    "UF_CRM_671B91ADD44F7": "",
    "UF_CRM_671B91ADD9154": false,
    "UF_CRM_671B91ADDDB9A": "",
    "UF_CRM_671B91ADE27B3": false,
    "UF_CRM_671B91ADE8ADE": false,
    "UF_CRM_671B91ADEFDB9": "",
    "UF_CRM_6729CB5F98AB5": false,
    "UF_CRM_6729CB5FA7961": false,
    "UF_CRM_6729CB5FB0F14": false,
    "UF_CRM_672DD64B35AE2": false,
    "UF_CRM_672DD64B4285C": false,
    "UF_CRM_673B0F195420F": false,
    "UF_CRM_673B0F1960F99": false,
    "UF_CRM_673B0F196C60A": false,
    "UF_CRM_673B0F1976F96": false,
    "UF_CRM_673B0F1985215": false,
    "UF_CRM_673B0F198B47C": false,
    "UF_CRM_673B0F1991D8A": false,
    "UF_CRM_673B0F199AFDA": false,
    "UF_CRM_674970CD90528": false,
    "UF_CRM_6798C14B5FE56": false,
    "UF_CRM_6798C14B69EA9": false,
    "UF_CRM_CHATAPP_DIALOG": false,
    "UF_CRM_67B33CCB7146B": false,
    "UF_CRM_67B33CCB850EF": false,
    "UF_CRM_67B33CCB8FE8D": false,
    "UF_CRM_67B33CCB9792F": false,
    "UF_CRM_67B33CCB9FFB9": "",
    "UF_CRM_67B33CCBA8351": false,
    "UF_CRM_67B33CCBB01EC": false,
    "UF_CRM_67B33CCBB8AFF": false,
    "UF_CRM_67B33CCBC2243": false,
    "UF_CRM_67B33CCBCBCD6": false,
    "UF_CRM_67B33CCBD6AE6": false,
    "UF_CRM_67B33CCBE5787": false,
    "UF_CRM_67B33CCBED737": false,
    "UF_CRM_67B33CCC02FCF": false,
    "UF_CRM_67D00864153DB": "",
    "UF_CRM_67D008641D976": false,
    "UF_CRM_67D008642C887": false,
    "UF_CRM_67D0086445F4E": false,
    "UF_CRM_67D0086450C57": false,
    "UF_CRM_67D0086457E18": false,
    "PHONE": [
        {
            "ID": "16958",
            "VALUE_TYPE": "WORK",
            "VALUE": "+971678997767",
            "TYPE_ID": "PHONE"
        }
    ],
    "EMAIL": [
        {
            "ID": "16959",
            "VALUE_TYPE": "WORK",
            "VALUE": "ththdyhd@gmail.com",
            "TYPE_ID": "EMAIL"
        }
    ]
}
[2025-04-04 10:24:53] Type: contact, Data: {
    "ID": "214",
    "POST": null,
    "COMMENTS": null,
    "HONORIFIC": null,
    "NAME": "lead",
    "SECOND_NAME": null,
    "LAST_NAME": "for test",
    "PHOTO": null,
    "LEAD_ID": null,
    "TYPE_ID": "CLIENT",
    "SOURCE_ID": "STORE",
    "SOURCE_DESCRIPTION": null,
    "COMPANY_ID": null,
    "BIRTHDATE": "",
    "EXPORT": "Y",
    "HAS_PHONE": "Y",
    "HAS_EMAIL": "Y",
    "HAS_IMOL": "N",
    "DATE_CREATE": "2025-02-27T05:57:58+00:00",
    "DATE_MODIFY": "2025-02-27T05:57:58+00:00",
    "ASSIGNED_BY_ID": "121",
    "CREATED_BY_ID": "121",
    "MODIFY_BY_ID": "121",
    "OPENED": "Y",
    "ORIGINATOR_ID": null,
    "ORIGIN_ID": null,
    "ORIGIN_VERSION": null,
    "FACE_ID": null,
    "LAST_ACTIVITY_TIME": "2025-02-27T05:57:58+00:00",
    "ADDRESS": null,
    "ADDRESS_2": null,
    "ADDRESS_CITY": null,
    "ADDRESS_POSTAL_CODE": null,
    "ADDRESS_REGION": null,
    "ADDRESS_PROVINCE": null,
    "ADDRESS_COUNTRY": null,
    "ADDRESS_LOC_ADDR_ID": null,
    "UTM_SOURCE": null,
    "UTM_MEDIUM": null,
    "UTM_CAMPAIGN": null,
    "UTM_CONTENT": null,
    "UTM_TERM": null,
    "LAST_ACTIVITY_BY": "121",
    "UF_CRM_671B91AC999B3": false,
    "UF_CRM_671B91ACC0434": false,
    "UF_CRM_671B91ACCE464": false,
    "UF_CRM_671B91ACD6DBC": false,
    "UF_CRM_671B91ACE062B": false,
    "UF_CRM_671B91ACE70E7": false,
    "UF_CRM_671B91ACF26C5": false,
    "UF_CRM_671B91AD0408A": "",
    "UF_CRM_671B91AD0C19D": false,
    "UF_CRM_671B91AD13711": false,
    "UF_CRM_671B91AD1CFC2": false,
    "UF_CRM_671B91AD2989C": false,
    "UF_CRM_671B91AD4DA9B": false,
    "UF_CRM_671B91AD56D77": false,
    "UF_CRM_671B91AD5F989": false,
    "UF_CRM_671B91AD665E6": false,
    "UF_CRM_671B91AD6D1B6": false,
    "UF_CRM_671B91AD9FFA0": false,
    "UF_CRM_671B91ADA4C37": false,
    "UF_CRM_671B91ADAF945": false,
    "UF_CRM_671B91ADBAB3A": false,
    "UF_CRM_671B91ADC1B4F": false,
    "UF_CRM_671B91ADCC3B3": "",
    "UF_CRM_671B91ADD44F7": "",
    "UF_CRM_671B91ADD9154": false,
    "UF_CRM_671B91ADDDB9A": "",
    "UF_CRM_671B91ADE27B3": false,
    "UF_CRM_671B91ADE8ADE": false,
    "UF_CRM_671B91ADEFDB9": "",
    "UF_CRM_6729CB5F98AB5": false,
    "UF_CRM_6729CB5FA7961": false,
    "UF_CRM_6729CB5FB0F14": false,
    "UF_CRM_672DD64B35AE2": false,
    "UF_CRM_672DD64B4285C": false,
    "UF_CRM_673B0F195420F": false,
    "UF_CRM_673B0F1960F99": false,
    "UF_CRM_673B0F196C60A": false,
    "UF_CRM_673B0F1976F96": false,
    "UF_CRM_673B0F1985215": false,
    "UF_CRM_673B0F198B47C": false,
    "UF_CRM_673B0F1991D8A": false,
    "UF_CRM_673B0F199AFDA": false,
    "UF_CRM_674970CD90528": false,
    "UF_CRM_6798C14B5FE56": false,
    "UF_CRM_6798C14B69EA9": false,
    "UF_CRM_CHATAPP_DIALOG": false,
    "UF_CRM_67B33CCB7146B": false,
    "UF_CRM_67B33CCB850EF": false,
    "UF_CRM_67B33CCB8FE8D": false,
    "UF_CRM_67B33CCB9792F": false,
    "UF_CRM_67B33CCB9FFB9": "",
    "UF_CRM_67B33CCBA8351": false,
    "UF_CRM_67B33CCBB01EC": false,
    "UF_CRM_67B33CCBB8AFF": false,
    "UF_CRM_67B33CCBC2243": false,
    "UF_CRM_67B33CCBCBCD6": false,
    "UF_CRM_67B33CCBD6AE6": false,
    "UF_CRM_67B33CCBE5787": false,
    "UF_CRM_67B33CCBED737": false,
    "UF_CRM_67B33CCC02FCF": false,
    "UF_CRM_67D00864153DB": "",
    "UF_CRM_67D008641D976": false,
    "UF_CRM_67D008642C887": false,
    "UF_CRM_67D0086445F4E": false,
    "UF_CRM_67D0086450C57": false,
    "UF_CRM_67D0086457E18": false,
    "PHONE": [
        {
            "ID": "16958",
            "VALUE_TYPE": "WORK",
            "VALUE": "+971678997767",
            "TYPE_ID": "PHONE"
        }
    ],
    "EMAIL": [
        {
            "ID": "16959",
            "VALUE_TYPE": "WORK",
            "VALUE": "ththdyhd@gmail.com",
            "TYPE_ID": "EMAIL"
        }
    ]
}
[2025-04-04 10:24:54] Type: lead_updated, Data: {
    "leadId": 344,
    "data": {
        "title": "Test Deal",
        "ufCrm9_1735639216243": "Test Deal",
        "ufCrm9_1743737461": "lead for test",
        "ufCrm9_1741866044408": "+971678997767",
        "ufCrm9_1741866064161": "ththdyhd@gmail.com",
        "ufCrm9_1743737418": "223",
        "ufCrm9_1733832564093": "",
        "ufCrm9_1733833886": "remarks",
        "ufCrm9_1733832278562": 1559,
        "ufCrm9_1733833012975": 1579,
        "ufCrm9_1733833194417": 1582,
        "ufCrm9_1734700123397": 1590,
        "ufCrm9_1733832784377": null,
        "categoryId": 13
    }
}
